Importer Log Report
Project : Guitar Amp.PrjPCB

Section : Analyze Document - C:\Users\User\Downloads\Guitar Amp.sch
    Analyzing data of C:\Users\User\Downloads\Guitar Amp.sch
    Load settings
    Load layers 63
    Load schematic
    Load Libraries 4
    Load Library "SamacSys_Parts"
    Load Packages 7
    Load Symbols 8
    Load DeviceSets 8
    Load Library "PJ-037A"
    Load Packages 1
    Load Symbols 1
    Load DeviceSets 1
    Load Library "supply2"
    Load Packages 0
    Load Symbols 1
    Load DeviceSets 1
    Load Library "35RAPC4BHN2"
    Load Packages 1
    Load Symbols 1
    Load DeviceSets 1
    Load Attributes 0
    Load Classes 1
    Load Parts 37
    Load Sheets 2
    ERROR: Unhandled typeerrors
EndSection
